Parameters:
	TOL = 0.000001
	MAX_ITER = 1000
Initial values:
	a = -10.000000 | f(a) = 0.544021
	b = 6.000000 | f(b) = -0.279415

Iteration: 1
	a = -10.000000 | f(a) = 0.544021
	b = -2.000000 | f(b) = -0.909297

Iteration: 2
	a = -6.000000 | f(a) = 0.279415
	b = -2.000000 | f(b) = -0.909297

Iteration: 3
	a = -4.000000 | f(a) = 0.756802
	b = -2.000000 | f(b) = -0.909297

Iteration: 4
	a = -4.000000 | f(a) = 0.756802
	b = -3.000000 | f(b) = -0.141120

Iteration: 5
	a = -3.500000 | f(a) = 0.350783
	b = -3.000000 | f(b) = -0.141120

Iteration: 6
	a = -3.250000 | f(a) = 0.108195
	b = -3.000000 | f(b) = -0.141120

Iteration: 7
	a = -3.250000 | f(a) = 0.108195
	b = -3.125000 | f(b) = -0.016592

Iteration: 8
	a = -3.187500 | f(a) = 0.045891
	b = -3.125000 | f(b) = -0.016592

Iteration: 9
	a = -3.156250 | f(a) = 0.014657
	b = -3.125000 | f(b) = -0.016592

Iteration: 10
	a = -3.156250 | f(a) = 0.014657
	b = -3.140625 | f(b) = -0.000968

Iteration: 11
	a = -3.148438 | f(a) = 0.006845
	b = -3.140625 | f(b) = -0.000968

Iteration: 12
	a = -3.144531 | f(a) = 0.002939
	b = -3.140625 | f(b) = -0.000968

Iteration: 13
	a = -3.142578 | f(a) = 0.000985
	b = -3.140625 | f(b) = -0.000968

Iteration: 14
	a = -3.141602 | f(a) = 0.000009
	b = -3.140625 | f(b) = -0.000968

Iteration: 15
	a = -3.141602 | f(a) = 0.000009
	b = -3.141113 | f(b) = -0.000479

Iteration: 16
	a = -3.141602 | f(a) = 0.000009
	b = -3.141357 | f(b) = -0.000235

Iteration: 17
	a = -3.141602 | f(a) = 0.000009
	b = -3.141479 | f(b) = -0.000113

Iteration: 18
	a = -3.141602 | f(a) = 0.000009
	b = -3.141541 | f(b) = -0.000052

Iteration: 19
	a = -3.141602 | f(a) = 0.000009
	b = -3.141571 | f(b) = -0.000022

Iteration: 20
	a = -3.141602 | f(a) = 0.000009
	b = -3.141586 | f(b) = -0.000006

Iteration: 21
	a = -3.141594 | f(a) = 0.000001
	b = -3.141586 | f(b) = -0.000006

Iteration: 22
	a = -3.141594 | f(a) = 0.000001
	b = -3.141590 | f(b) = -0.000003

Iteration: 23
	a = -3.141594 | f(a) = 0.000001
	b = -3.141592 | f(b) = -0.000001
