Initial values:
1 2 3 5 | 1
3 2 1 -2 | 3
-1 3 5 0 | 4
2 1 3 4 | -1

Line swap (1 <-> 2):
3 2 1 -2 | 3
1 2 3 5 | 1
-1 3 5 0 | 4
2 1 3 4 | -1

Line elimination (1 -> 2):
	Factor: 0.333333
3 2 1 -2 | 3
0 1.33333 2.66667 5.66667 | 0
-1 3 5 0 | 4
2 1 3 4 | -1

Line elimination (1 -> 3):
	Factor: -0.333333
3 2 1 -2 | 3
0 1.33333 2.66667 5.66667 | 0
0 3.66667 5.33333 -0.666667 | 5
2 1 3 4 | -1

Line elimination (1 -> 4):
	Factor: 0.666667
3 2 1 -2 | 3
0 1.33333 2.66667 5.66667 | 0
0 3.66667 5.33333 -0.666667 | 5
0 -0.333333 2.33333 5.33333 | -3

Line swap (2 <-> 3):
3 2 1 -2 | 3
0 3.66667 5.33333 -0.666667 | 5
0 1.33333 2.66667 5.66667 | 0
0 -0.333333 2.33333 5.33333 | -3

Line elimination (2 -> 3):
	Factor: 0.363636
3 2 1 -2 | 3
0 3.66667 5.33333 -0.666667 | 5
0 0 0.727273 5.90909 | -1.81818
0 -0.333333 2.33333 5.33333 | -3

Line elimination (2 -> 4):
	Factor: -0.090909
3 2 1 -2 | 3
0 3.66667 5.33333 -0.666667 | 5
0 0 0.727273 5.90909 | -1.81818
0 0 2.81818 5.27273 | -2.54545

Line swap (3 <-> 4):
3 2 1 -2 | 3
0 3.66667 5.33333 -0.666667 | 5
0 0 2.81818 5.27273 | -2.54545
0 0 0.727273 5.90909 | -1.81818

Line elimination (3 -> 4):
	Factor: 0.258065
3 2 1 -2 | 3
0 3.66667 5.33333 -0.666667 | 5
0 0 2.81818 5.27273 | -2.54545
0 0 0 4.54839 | -1.16129

Regressive substitution:
	x[1] = -0.319149
	x[2] = 1.936170
	x[3] = -0.425532
	x[4] = -0.255319
