Parameters:
	TOL = 0.000001
	MAX_ITER = 1000
Initial values:
	a = -10.000000 | f(a) = 0.544021
	b = 6.000000 | f(b) = -0.279415

Iteration: 1
	a = -3.888544 | f(a) = 0.679405
	b = 6.000000 | f(b) = -0.279415

Iteration: 2
	a = -3.888544 | f(a) = 0.679405
	b = 2.222912 | f(b) = 0.794801

Iteration: 3
	a = -3.888544 | f(a) = 0.679405
	b = -0.111456 | f(b) = -0.111226

Iteration: 4
	a = -2.445825 | f(a) = -0.640975
	b = -0.111456 | f(b) = -0.111226

Iteration: 5
	a = -2.445825 | f(a) = -0.640975
	b = -1.003106 | f(b) = -0.843145

Iteration: 6
	a = -1.894755 | f(a) = -0.947983
	b = -1.003106 | f(b) = -0.843145

Iteration: 7
	a = -1.894755 | f(a) = -0.947983
	b = -1.343685 | f(b) = -0.974321

Iteration: 8
	a = -1.684265 | f(a) = -0.993569
	b = -1.343685 | f(b) = -0.974321

Iteration: 9
	a = -1.684265 | f(a) = -0.993569
	b = -1.473775 | f(b) = -0.995297

Iteration: 10
	a = -1.603865 | f(a) = -0.999453
	b = -1.473775 | f(b) = -0.995297

Iteration: 11
	a = -1.603865 | f(a) = -0.999453
	b = -1.523465 | f(b) = -0.998880

Iteration: 12
	a = -1.603865 | f(a) = -0.999453
	b = -1.554175 | f(b) = -0.999862

Iteration: 13
	a = -1.584885 | f(a) = -0.999901
	b = -1.554175 | f(b) = -0.999862

Iteration: 14
	a = -1.584885 | f(a) = -0.999901
	b = -1.565905 | f(b) = -0.999988

Iteration: 15
	a = -1.577636 | f(a) = -0.999977
	b = -1.565905 | f(b) = -0.999988

Iteration: 16
	a = -1.573155 | f(a) = -0.999997
	b = -1.565905 | f(b) = -0.999988

Iteration: 17
	a = -1.573155 | f(a) = -0.999997
	b = -1.568675 | f(b) = -0.999998

Iteration: 18
	a = -1.571444 | f(a) = -1.000000
	b = -1.568675 | f(b) = -0.999998

Iteration: 19
	a = -1.571444 | f(a) = -1.000000
	b = -1.569732 | f(b) = -0.999999

Iteration: 20
	a = -1.571444 | f(a) = -1.000000
	b = -1.570386 | f(b) = -1.000000

Iteration: 21
	a = -1.571040 | f(a) = -1.000000
	b = -1.570386 | f(b) = -1.000000

Iteration: 22
	a = -1.571040 | f(a) = -1.000000
	b = -1.570636 | f(b) = -1.000000

Iteration: 23
	a = -1.570885 | f(a) = -1.000000
	b = -1.570636 | f(b) = -1.000000

Iteration: 24
	a = -1.570885 | f(a) = -1.000000
	b = -1.570731 | f(b) = -1.000000

Iteration: 25
	a = -1.570826 | f(a) = -1.000000
	b = -1.570731 | f(b) = -1.000000

Iteration: 26
	a = -1.570826 | f(a) = -1.000000
	b = -1.570768 | f(b) = -1.000000

Iteration: 27
	a = -1.570804 | f(a) = -1.000000
	b = -1.570768 | f(b) = -1.000000

Iteration: 28
	a = -1.570804 | f(a) = -1.000000
	b = -1.570781 | f(b) = -1.000000

Iteration: 29
	a = -1.570804 | f(a) = -1.000000
	b = -1.570790 | f(b) = -1.000000

Iteration: 30
	a = -1.570799 | f(a) = -1.000000
	b = -1.570790 | f(b) = -1.000000

Iteration: 31
	a = -1.570799 | f(a) = -1.000000
	b = -1.570793 | f(b) = -1.000000

Iteration: 32
	a = -1.570799 | f(a) = -1.000000
	b = -1.570795 | f(b) = -1.000000

Iteration: 33
	a = -1.570797 | f(a) = -1.000000
	b = -1.570795 | f(b) = -1.000000

Iteration: 34
	a = -1.570797 | f(a) = -1.000000
	b = -1.570795 | f(b) = -1.000000

Iteration: 35
	a = -1.570797 | f(a) = -1.000000
	b = -1.570796 | f(b) = -1.000000
