Initial values:
1 2 3 5 
3 2 1 -2 
-1 3 5 0 
2 1 3 4 

U[1][1] = 1.000000
1 0 0 0 
0 0 0 0 
0 0 0 0 
0 0 0 0 

U[1][2] = 2.000000
1 2 0 0 
0 0 0 0 
0 0 0 0 
0 0 0 0 

U[1][3] = 3.000000
1 2 3 0 
0 0 0 0 
0 0 0 0 
0 0 0 0 

U[1][4] = 5.000000
1 2 3 5 
0 0 0 0 
0 0 0 0 
0 0 0 0 

L[2][1] = 3.000000
1 0 0 0 
3 1 0 0 
0 0 1 0 
0 0 0 1 

L[3][1] = -1.000000
1 0 0 0 
3 1 0 0 
-1 0 1 0 
0 0 0 1 

L[4][1] = 2.000000
1 0 0 0 
3 1 0 0 
-1 0 1 0 
2 0 0 1 

U[2][2] = -4.000000
1 2 3 5 
0 -4 0 0 
0 0 0 0 
0 0 0 0 

U[2][3] = -8.000000
1 2 3 5 
0 -4 -8 0 
0 0 0 0 
0 0 0 0 

U[2][4] = -17.000000
1 2 3 5 
0 -4 -8 -17 
0 0 0 0 
0 0 0 0 

L[3][2] = -1.250000
1 0 0 0 
3 1 0 0 
-1 -1.25 1 0 
2 0 0 1 

L[4][2] = 0.750000
1 0 0 0 
3 1 0 0 
-1 -1.25 1 0 
2 0.75 0 1 

U[3][3] = -2.000000
1 2 3 5 
0 -4 -8 -17 
0 0 -2 0 
0 0 0 0 

U[3][4] = -16.250000
1 2 3 5 
0 -4 -8 -17 
0 0 -2 -16.25 
0 0 0 0 

L[4][3] = -1.500000
1 0 0 0 
3 1 0 0 
-1 -1.25 1 0 
2 0.75 -1.5 1 

U[4][4] = -17.625000
1 2 3 5 
0 -4 -8 -17 
0 0 -2 -16.25 
0 0 0 -17.625 
