Parameters:
	TOL = 0.000001
	MAX_ITER = 1000
Initial values:
	a = -10.000000 | f(a) = 0.544021
	b = 6.000000 | f(b) = -0.279415

Iteration: 1
	a = 6.000000 | f(a) = -0.279415
	b = 0.570744 | f(b) = 0.540258

Iteration: 2
	a = 0.570744 | f(a) = 0.540258
	b = 4.149242 | f(b) = -0.845579

Iteration: 3
	a = 4.149242 | f(a) = -0.845579
	b = 1.965795 | f(b) = 0.922997

Iteration: 4
	a = 1.965795 | f(a) = 0.922997
	b = 3.105308 | f(b) = 0.036277

Iteration: 5
	a = 3.105308 | f(a) = 0.036277
	b = 3.151927 | f(b) = -0.010334

Iteration: 6
	a = 3.151927 | f(a) = -0.010334
	b = 3.141591 | f(b) = 0.000002

Iteration: 7
	a = 3.141591 | f(a) = 0.000002
	b = 3.141593 | f(b) = -0.000000
